# JRE version: OpenJDK Runtime Environment Temurin-21.0.10+7 (21.0.10+7) (build 21.0.10+7-LTS)
# Java VM: OpenJDK 64-Bit Server VM Temurin-21.0.10+7 (21.0.10+7-LTS, mixed mode, sharing, tiered, compressed oops, compressed class ptrs, g1 gc, windows-amd64)
GC Precious Log:
 CardTable entry size: 512
 Card Set container configuration: InlinePtr #cards 4 size 8 Array Of Cards #cards 32 size 80 Howl #buckets 8 coarsen threshold 7372 Howl Bitmap #cards 1024 size 144 coarsen threshold 921 Card regions per heap region 1 cards per card region 8192
 CPUs: 12 total, 12 available
 Memory: 15753M
 Large Page Support: Disabled
 NUMA Support: Disabled
 Compressed Oops: Enabled (Zero based)
 Heap Region Size: 4M
 Heap Min Capacity: 8M
 Heap Initial Capacity: 248M
 Heap Max Capacity: 8G
 Pre-touch: Disabled
 Parallel Workers: 10
 Concurrent Workers: 3
 Concurrent Refinement Workers: 10
 Periodic GC: Disabled
Heap:
 garbage-first heap   total 266240K, used 147916K [0x0000000600000000, 0x0000000800000000)
  region size 4096K, 4 young (16384K), 3 survivors (12288K)
 Metaspace       used 104523K, committed 107008K, reserved 1179648K
  class space    used 15024K, committed 16256K, reserved 1048576K
GC Heap History (20 events):
Event: 31.142 GC heap before
{Heap before GC invocations=32 (full 0):
 garbage-first heap   total 180224K, used 149606K [0x0000000600000000, 0x0000000800000000)
  region size 4096K, 13 young (53248K), 2 survivors (8192K)
 Metaspace       used 87508K, committed 89664K, reserved 1179648K
  class space    used 12616K, committed 13696K, reserved 1048576K
}
Event: 31.150 GC heap after
{Heap after GC invocations=33 (full 0):
 garbage-first heap   total 180224K, used 104072K [0x0000000600000000, 0x0000000800000000)
  region size 4096K, 1 young (4096K), 1 survivors (4096K)
 Metaspace       used 87508K, committed 89664K, reserved 1179648K
  class space    used 12616K, committed 13696K, reserved 1048576K
}
Event: 32.282 GC heap before
{Heap before GC invocations=33 (full 0):
 garbage-first heap   total 180224K, used 157320K [0x0000000600000000, 0x0000000800000000)
  region size 4096K, 14 young (57344K), 1 survivors (4096K)
 Metaspace       used 89352K, committed 91584K, reserved 1179648K
  class space    used 12854K, committed 13952K, reserved 1048576K
}
Event: 32.291 GC heap after
{Heap after GC invocations=34 (full 0):
 garbage-first heap   total 180224K, used 108968K [0x0000000600000000, 0x0000000800000000)
  region size 4096K, 2 young (8192K), 2 survivors (8192K)
 Metaspace       used 89352K, committed 91584K, reserved 1179648K
  class space    used 12854K, committed 13952K, reserved 1048576K
}
Event: 33.611 GC heap before
{Heap before GC invocations=35 (full 0):
 garbage-first heap   total 184320K, used 158120K [0x0000000600000000, 0x0000000800000000)
  region size 4096K, 14 young (57344K), 2 survivors (8192K)
 Metaspace       used 92947K, committed 95296K, reserved 1179648K
  class space    used 13435K, committed 14592K, reserved 1048576K
}
Event: 33.618 GC heap after
{Heap after GC invocations=36 (full 0):
 garbage-first heap   total 184320K, used 111505K [0x0000000600000000, 0x0000000800000000)
  region size 4096K, 1 young (4096K), 1 survivors (4096K)
 Metaspace       used 92947K, committed 95296K, reserved 1179648K
  class space    used 13435K, committed 14592K, reserved 1048576K
}
Event: 35.013 GC heap before
{Heap before GC invocations=36 (full 0):
 garbage-first heap   total 184320K, used 164753K [0x0000000600000000, 0x0000000800000000)
  region size 4096K, 14 young (57344K), 1 survivors (4096K)
 Metaspace       used 96976K, committed 99264K, reserved 1179648K
  class space    used 14050K, committed 15232K, reserved 1048576K
}
Event: 35.021 GC heap after
{Heap after GC invocations=37 (full 0):
 garbage-first heap   total 184320K, used 111571K [0x0000000600000000, 0x0000000800000000)
  region size 4096K, 1 young (4096K), 1 survivors (4096K)
 Metaspace       used 96976K, committed 99264K, reserved 1179648K
  class space    used 14050K, committed 15232K, reserved 1048576K
}
Event: 36.596 GC heap before
{Heap before GC invocations=37 (full 0):
 garbage-first heap   total 184320K, used 164819K [0x0000000600000000, 0x0000000800000000)
  region size 4096K, 14 young (57344K), 1 survivors (4096K)
 Metaspace       used 100214K, committed 102592K, reserved 1179648K
  class space    used 14506K, committed 15680K, reserved 1048576K
}
Event: 36.605 GC heap after
{Heap after GC invocations=38 (full 0):
 garbage-first heap   total 184320K, used 114370K [0x0000000600000000, 0x0000000800000000)
  region size 4096K, 2 young (8192K), 2 survivors (8192K)
 Metaspace       used 100214K, committed 102592K, reserved 1179648K
  class space    used 14506K, committed 15680K, reserved 1048576K
}
Event: 38.344 GC heap before
{Heap before GC invocations=39 (full 0):
 garbage-first heap   total 200704K, used 159426K [0x0000000600000000, 0x0000000800000000)
  region size 4096K, 14 young (57344K), 2 survivors (8192K)
 Metaspace       used 101888K, committed 104320K, reserved 1179648K
  class space    used 14617K, committed 15808K, reserved 1048576K
}
Event: 38.354 GC heap after
{Heap after GC invocations=40 (full 0):
 garbage-first heap   total 200704K, used 119812K [0x0000000600000000, 0x0000000800000000)
  region size 4096K, 2 young (8192K), 2 survivors (8192K)
 Metaspace       used 101888K, committed 104320K, reserved 1179648K
  class space    used 14617K, committed 15808K, reserved 1048576K
}
Event: 38.765 GC heap before
{Heap before GC invocations=40 (full 0):
 garbage-first heap   total 200704K, used 177156K [0x0000000600000000, 0x0000000800000000)
  region size 4096K, 17 young (69632K), 2 survivors (8192K)
 Metaspace       used 101908K, committed 104320K, reserved 1179648K
  class space    used 14617K, committed 15808K, reserved 1048576K
}
Event: 38.775 GC heap after
{Heap after GC invocations=41 (full 0):
 garbage-first heap   total 200704K, used 120568K [0x0000000600000000, 0x0000000800000000)
  region size 4096K, 2 young (8192K), 2 survivors (8192K)
 Metaspace       used 101908K, committed 104320K, reserved 1179648K
  class space    used 14617K, committed 15808K, reserved 1048576K
}
Event: 39.614 GC heap before
{Heap before GC invocations=41 (full 0):
 garbage-first heap   total 200704K, used 177912K [0x0000000600000000, 0x0000000800000000)
  region size 4096K, 17 young (69632K), 2 survivors (8192K)
 Metaspace       used 103502K, committed 105856K, reserved 1179648K
  class space    used 14832K, committed 16000K, reserved 1048576K
}
Event: 39.626 GC heap after
{Heap after GC invocations=42 (full 0):
 garbage-first heap   total 200704K, used 128663K [0x0000000600000000, 0x0000000800000000)
  region size 4096K, 3 young (12288K), 3 survivors (12288K)
 Metaspace       used 103502K, committed 105856K, reserved 1179648K
  class space    used 14832K, committed 16000K, reserved 1048576K
}
Event: 41.095 GC heap before
{Heap before GC invocations=43 (full 0):
 garbage-first heap   total 221184K, used 173719K [0x0000000600000000, 0x0000000800000000)
  region size 4096K, 15 young (61440K), 3 survivors (12288K)
 Metaspace       used 104407K, committed 106816K, reserved 1179648K
  class space    used 15011K, committed 16256K, reserved 1048576K
}
Event: 41.131 GC heap after
{Heap after GC invocations=44 (full 0):
 garbage-first heap   total 266240K, used 135534K [0x0000000600000000, 0x0000000800000000)
  region size 4096K, 2 young (8192K), 2 survivors (8192K)
 Metaspace       used 104407K, committed 106816K, reserved 1179648K
  class space    used 15011K, committed 16256K, reserved 1048576K
}
Event: 41.877 GC heap before
{Heap before GC invocations=44 (full 0):
 garbage-first heap   total 266240K, used 229742K [0x0000000600000000, 0x0000000800000000)
  region size 4096K, 26 young (106496K), 2 survivors (8192K)
 Metaspace       used 104414K, committed 106880K, reserved 1179648K
  class space    used 15011K, committed 16256K, reserved 1048576K
}
Event: 41.890 GC heap after
{Heap after GC invocations=45 (full 0):
 garbage-first heap   total 266240K, used 138244K [0x0000000600000000, 0x0000000800000000)
  region size 4096K, 3 young (12288K), 3 survivors (12288K)
 Metaspace       used 104414K, committed 106880K, reserved 1179648K
  class space    used 15011K, committed 16256K, reserved 1048576K
}

